{"time":"2025-12-27T09:45:52.675250752+07:00","level":"INFO","msg":"Logger initialized"}
{"time":"2025-12-27T09:53:17.59017205+07:00","level":"INFO","msg":"Logger initialized"}
{"time":"2025-12-27T10:04:47.338301783+07:00","level":"INFO","msg":"Logger initialized"}
{"time":"2025-12-27T10:25:07.211063896+07:00","level":"INFO","msg":"Logger initialized"}
{"time":"2025-12-27T11:46:52.794922939+07:00","level":"INFO","msg":"Logger initialized"}
{"time":"2025-12-27T11:49:39.922775896+07:00","level":"INFO","msg":"Logger initialized"}
<<<<<<< HEAD
{"time":"2025-12-27T06:56:42.606639203Z","level":"INFO","msg":"Logger initialized"}
{"time":"2025-12-27T10:11:02.85618197Z","level":"INFO","msg":"Logger initialized"}
{"time":"2025-12-27T10:34:36.340282765Z","level":"INFO","msg":"Logger initialized"}
{"time":"2025-12-27T10:46:24.887729522Z","level":"INFO","msg":"Logger initialized"}
=======
{"time":"2025-12-27T12:18:01.535296497+07:00","level":"INFO","msg":"Logger initialized"}
>>>>>>> d5f4b47 (add)
{"time":"2025-12-28T03:35:10.492501922Z","level":"INFO","msg":"Logger initialized"}
{"time":"2025-12-28T03:53:54.052828783Z","level":"INFO","msg":"Logger initialized"}
{"time":"2025-12-28T03:54:11.129413787Z","level":"INFO","msg":"Logger initialized"}
{"time":"2025-12-28T03:54:12.104971837Z","level":"INFO","msg":"Logger initialized"}
{"time":"2025-12-28T03:54:29.092872439Z","level":"INFO","msg":"Logger initialized"}
{"time":"2025-12-28T03:55:55.931620492Z","level":"INFO","msg":"Logger initialized"}
{"time":"2025-12-28T03:55:56.816233082Z","level":"INFO","msg":"Logger initialized"}
{"time":"2025-12-28T03:57:02.186211537Z","level":"INFO","msg":"Logger initialized"}
{"time":"2025-12-28T04:06:57.422980764Z","level":"INFO","msg":"Logger initialized"}
{"time":"2025-12-28T04:07:29.694534463Z","level":"INFO","msg":"Logger initialized"}
{"time":"2025-12-28T04:07:30.486847987Z","level":"INFO","msg":"Logger initialized"}
{"time":"2025-12-28T11:14:44.6073233+07:00","level":"INFO","msg":"Logger initialized"}
{"time":"2025-12-28T04:15:58.820395392Z","level":"INFO","msg":"Logger initialized"}
{"time":"2025-12-28T07:18:28.096742482Z","level":"INFO","msg":"Logger initialized"}
{"time":"2025-12-28T07:18:53.833031234Z","level":"INFO","msg":"Logger initialized"}
{"time":"2025-12-28T07:20:09.460550209Z","level":"INFO","msg":"Logger initialized"}
{"time":"2025-12-28T07:20:19.468329665Z","level":"INFO","msg":"Logger initialized"}
{"time":"2025-12-28T07:20:20.483999614Z","level":"INFO","msg":"Logger initialized"}
{"time":"2025-12-28T07:20:53.958222791Z","level":"INFO","msg":"Logger initialized"}
{"time":"2025-12-28T07:20:55.918672901Z","level":"INFO","msg":"Logger initialized"}
{"time":"2025-12-28T07:22:59.848448096Z","level":"INFO","msg":"Logger initialized"}
{"time":"2025-12-28T07:23:13.349622341Z","level":"INFO","msg":"Logger initialized"}
{"time":"2025-12-28T07:23:48.240938198Z","level":"INFO","msg":"Logger initialized"}
{"time":"2025-12-28T07:24:08.930243841Z","level":"INFO","msg":"Logger initialized"}
{"time":"2025-12-28T07:24:28.879483161Z","level":"INFO","msg":"Logger initialized"}
{"time":"2025-12-28T07:24:38.046334251Z","level":"INFO","msg":"Logger initialized"}
{"time":"2025-12-28T07:24:38.749049133Z","level":"INFO","msg":"Logger initialized"}
{"time":"2025-12-28T07:24:56.135541702Z","level":"INFO","msg":"Logger initialized"}
{"time":"2025-12-28T07:25:06.783287266Z","level":"INFO","msg":"Logger initialized"}
{"time":"2025-12-28T07:25:07.310996319Z","level":"INFO","msg":"Logger initialized"}
{"time":"2025-12-28T07:25:16.053443554Z","level":"INFO","msg":"Logger initialized"}
{"time":"2025-12-28T07:25:24.365698192Z","level":"INFO","msg":"Logger initialized"}
{"time":"2025-12-28T07:25:25.944129472Z","level":"INFO","msg":"Logger initialized"}
{"time":"2025-12-28T07:25:45.506845716Z","level":"INFO","msg":"Logger initialized"}
{"time":"2025-12-28T07:26:26.07530472Z","level":"INFO","msg":"Logger initialized"}
{"time":"2025-12-28T07:26:40.988152917Z","level":"INFO","msg":"Logger initialized"}
{"time":"2025-12-28T07:48:50.312208407Z","level":"INFO","msg":"Logger initialized"}
{"time":"2025-12-28T07:49:13.765920186Z","level":"INFO","msg":"Logger initialized"}
{"time":"2025-12-28T07:49:26.297561426Z","level":"INFO","msg":"Logger initialized"}
{"time":"2025-12-28T07:49:28.098116713Z","level":"INFO","msg":"Logger initialized"}
{"time":"2025-12-29T02:54:32.582282116Z","level":"INFO","msg":"Logger initialized"}
{"time":"2025-12-29T03:46:16.036581335Z","level":"INFO","msg":"Logger initialized"}
{"time":"2025-12-29T03:59:14.606039901Z","level":"INFO","msg":"Logger initialized"}
{"time":"2025-12-29T04:06:30.07530328Z","level":"INFO","msg":"Logger initialized"}
{"time":"2025-12-29T04:15:50.745834486Z","level":"INFO","msg":"Logger initialized"}
{"time":"2025-12-29T04:22:26.433489483Z","level":"INFO","msg":"Logger initialized"}
{"time":"2025-12-29T04:22:39.649149996Z","level":"INFO","msg":"Logger initialized"}
